
Copyright (C) 1994-2023 Synopsys, Inc.
This Synopsys software and all associated documentation are proprietary to Synopsys, Inc.
and may only be used pursuant to the terms and conditions of a written license agreement
with Synopsys, Inc. All other use, reproduction, modification, or distribution of the
Synopsys software or the associated documentation is strictly prohibited.
Tool: Synplify Pro (R)
Build: V-2023.09M-3
Install: C:\Microchip\Libero_SoC_v2024.2\SynplifyPro
OS: Windows 10 or later
Hostname: SVD-LT-C75683

Implementation : synthesis
Synopsys HDL compiler and linker, Version comp202309synp1, Build 280R, Built Jun 20 2024 08:13:40, @

Modified Files: 6
FID:  path (prevtimestamp, timestamp)
0        C:\Microchip\Libero_SoC_v2024.2\SynplifyPro\lib\generic\acg5.v (N/A, 2024-07-25 08:12:34)
1        C:\Microchip\Libero_SoC_v2024.2\SynplifyPro\lib\vlog\hypermods.v (N/A, 2024-07-25 08:03:48)
2        C:\Microchip\Libero_SoC_v2024.2\SynplifyPro\lib\vlog\scemi_objects.v (N/A, 2024-07-25 08:03:48)
3        C:\Microchip\Libero_SoC_v2024.2\SynplifyPro\lib\vlog\scemi_pipes.svh (N/A, 2024-07-25 08:03:48)
4        C:\tcl_monster\libero_projects\counter_demo\component\polarfire_syn_comps.v (N/A, 2025-10-22 21:52:16)
5        C:\tcl_monster\libero_projects\counter_demo\hdl\counter.v (N/A, 2025-10-22 21:52:12)

*******************************************************************
Modules that may have changed as a result of file changes: 72
MID:  lib.cell.view
0        work.APBM.verilog may have changed because the following files changed:
                        C:\tcl_monster\libero_projects\counter_demo\component\polarfire_syn_comps.v (N/A, 2025-10-22 21:52:16) <-- (module definition)
1        work.APBS.verilog may have changed because the following files changed:
                        C:\tcl_monster\libero_projects\counter_demo\component\polarfire_syn_comps.v (N/A, 2025-10-22 21:52:16) <-- (module definition)
2        work.BANKCTRLM.verilog may have changed because the following files changed:
                        C:\tcl_monster\libero_projects\counter_demo\component\polarfire_syn_comps.v (N/A, 2025-10-22 21:52:16) <-- (module definition)
3        work.BANKCTRL_GPIO.verilog may have changed because the following files changed:
                        C:\tcl_monster\libero_projects\counter_demo\component\polarfire_syn_comps.v (N/A, 2025-10-22 21:52:16) <-- (module definition)
4        work.BANKCTRL_HSIO.verilog may have changed because the following files changed:
                        C:\tcl_monster\libero_projects\counter_demo\component\polarfire_syn_comps.v (N/A, 2025-10-22 21:52:16) <-- (module definition)
5        work.BANKEN.verilog may have changed because the following files changed:
                        C:\tcl_monster\libero_projects\counter_demo\component\polarfire_syn_comps.v (N/A, 2025-10-22 21:52:16) <-- (module definition)
6        work.CLKBUF_DIFF.verilog may have changed because the following files changed:
                        C:\tcl_monster\libero_projects\counter_demo\component\polarfire_syn_comps.v (N/A, 2025-10-22 21:52:16) <-- (module definition)
7        work.CLKBUF_DIFF_ODT.verilog may have changed because the following files changed:
                        C:\tcl_monster\libero_projects\counter_demo\component\polarfire_syn_comps.v (N/A, 2025-10-22 21:52:16) <-- (module definition)
8        work.CORELNKTMR_V.verilog may have changed because the following files changed:
                        C:\tcl_monster\libero_projects\counter_demo\component\polarfire_syn_comps.v (N/A, 2025-10-22 21:52:16) <-- (module definition)
9        work.CRN_COMMON.verilog may have changed because the following files changed:
                        C:\tcl_monster\libero_projects\counter_demo\component\polarfire_syn_comps.v (N/A, 2025-10-22 21:52:16) <-- (module definition)
10       work.CRN_INT.verilog may have changed because the following files changed:
                        C:\tcl_monster\libero_projects\counter_demo\component\polarfire_syn_comps.v (N/A, 2025-10-22 21:52:16) <-- (module definition)
11       work.CRYPTO.verilog may have changed because the following files changed:
                        C:\tcl_monster\libero_projects\counter_demo\component\polarfire_syn_comps.v (N/A, 2025-10-22 21:52:16) <-- (module definition)
12       work.CRYPTO_SOC.verilog may have changed because the following files changed:
                        C:\tcl_monster\libero_projects\counter_demo\component\polarfire_syn_comps.v (N/A, 2025-10-22 21:52:16) <-- (module definition)
13       work.DEBUG.verilog may have changed because the following files changed:
                        C:\tcl_monster\libero_projects\counter_demo\component\polarfire_syn_comps.v (N/A, 2025-10-22 21:52:16) <-- (module definition)
14       work.DLL.verilog may have changed because the following files changed:
                        C:\tcl_monster\libero_projects\counter_demo\component\polarfire_syn_comps.v (N/A, 2025-10-22 21:52:16) <-- (module definition)
15       work.DRI.verilog may have changed because the following files changed:
                        C:\tcl_monster\libero_projects\counter_demo\component\polarfire_syn_comps.v (N/A, 2025-10-22 21:52:16) <-- (module definition)
16       work.ENFORCE.verilog may have changed because the following files changed:
                        C:\tcl_monster\libero_projects\counter_demo\component\polarfire_syn_comps.v (N/A, 2025-10-22 21:52:16) <-- (module definition)
17       work.GLITCHDETECT.verilog may have changed because the following files changed:
                        C:\tcl_monster\libero_projects\counter_demo\component\polarfire_syn_comps.v (N/A, 2025-10-22 21:52:16) <-- (module definition)
18       work.GPSS_COMMON.verilog may have changed because the following files changed:
                        C:\tcl_monster\libero_projects\counter_demo\component\polarfire_syn_comps.v (N/A, 2025-10-22 21:52:16) <-- (module definition)
19       work.HS_IO_CLK.verilog may have changed because the following files changed:
                        C:\tcl_monster\libero_projects\counter_demo\component\polarfire_syn_comps.v (N/A, 2025-10-22 21:52:16) <-- (module definition)
20       work.ICB_BANKCLK.verilog may have changed because the following files changed:
                        C:\tcl_monster\libero_projects\counter_demo\component\polarfire_syn_comps.v (N/A, 2025-10-22 21:52:16) <-- (module definition)
21       work.ICB_CLKDIV.verilog may have changed because the following files changed:
                        C:\tcl_monster\libero_projects\counter_demo\component\polarfire_syn_comps.v (N/A, 2025-10-22 21:52:16) <-- (module definition)
22       work.ICB_CLKDIVDELAY.verilog may have changed because the following files changed:
                        C:\tcl_monster\libero_projects\counter_demo\component\polarfire_syn_comps.v (N/A, 2025-10-22 21:52:16) <-- (module definition)
23       work.ICB_CLKINT.verilog may have changed because the following files changed:
                        C:\tcl_monster\libero_projects\counter_demo\component\polarfire_syn_comps.v (N/A, 2025-10-22 21:52:16) <-- (module definition)
24       work.ICB_CLKSTOP.verilog may have changed because the following files changed:
                        C:\tcl_monster\libero_projects\counter_demo\component\polarfire_syn_comps.v (N/A, 2025-10-22 21:52:16) <-- (module definition)
25       work.ICB_CLKSTOP_EN.verilog may have changed because the following files changed:
                        C:\tcl_monster\libero_projects\counter_demo\component\polarfire_syn_comps.v (N/A, 2025-10-22 21:52:16) <-- (module definition)
26       work.ICB_INT.verilog may have changed because the following files changed:
                        C:\tcl_monster\libero_projects\counter_demo\component\polarfire_syn_comps.v (N/A, 2025-10-22 21:52:16) <-- (module definition)
27       work.ICB_MUXING.verilog may have changed because the following files changed:
                        C:\tcl_monster\libero_projects\counter_demo\component\polarfire_syn_comps.v (N/A, 2025-10-22 21:52:16) <-- (module definition)
28       work.ICB_NGMUX.verilog may have changed because the following files changed:
                        C:\tcl_monster\libero_projects\counter_demo\component\polarfire_syn_comps.v (N/A, 2025-10-22 21:52:16) <-- (module definition)
29       work.INIT.verilog may have changed because the following files changed:
                        C:\tcl_monster\libero_projects\counter_demo\component\polarfire_syn_comps.v (N/A, 2025-10-22 21:52:16) <-- (module definition)
30       work.IOD.verilog may have changed because the following files changed:
                        C:\tcl_monster\libero_projects\counter_demo\component\polarfire_syn_comps.v (N/A, 2025-10-22 21:52:16) <-- (module definition)
31       work.LANECTRL.verilog may have changed because the following files changed:
                        C:\tcl_monster\libero_projects\counter_demo\component\polarfire_syn_comps.v (N/A, 2025-10-22 21:52:16) <-- (module definition)
32       work.LANERST.verilog may have changed because the following files changed:
                        C:\tcl_monster\libero_projects\counter_demo\component\polarfire_syn_comps.v (N/A, 2025-10-22 21:52:16) <-- (module definition)
33       work.OSC_RC160MHZ.verilog may have changed because the following files changed:
                        C:\tcl_monster\libero_projects\counter_demo\component\polarfire_syn_comps.v (N/A, 2025-10-22 21:52:16) <-- (module definition)
34       work.OSC_RC200MHZ.verilog may have changed because the following files changed:
                        C:\tcl_monster\libero_projects\counter_demo\component\polarfire_syn_comps.v (N/A, 2025-10-22 21:52:16) <-- (module definition)
35       work.OSC_RC2MHZ.verilog may have changed because the following files changed:
                        C:\tcl_monster\libero_projects\counter_demo\component\polarfire_syn_comps.v (N/A, 2025-10-22 21:52:16) <-- (module definition)
36       work.PCIE.verilog may have changed because the following files changed:
                        C:\tcl_monster\libero_projects\counter_demo\component\polarfire_syn_comps.v (N/A, 2025-10-22 21:52:16) <-- (module definition)
37       work.PCIE_COMMON.verilog may have changed because the following files changed:
                        C:\tcl_monster\libero_projects\counter_demo\component\polarfire_syn_comps.v (N/A, 2025-10-22 21:52:16) <-- (module definition)
38       work.PFSOC_SCSM.verilog may have changed because the following files changed:
                        C:\tcl_monster\libero_projects\counter_demo\component\polarfire_syn_comps.v (N/A, 2025-10-22 21:52:16) <-- (module definition)
39       work.PF_SPI.verilog may have changed because the following files changed:
                        C:\tcl_monster\libero_projects\counter_demo\component\polarfire_syn_comps.v (N/A, 2025-10-22 21:52:16) <-- (module definition)
40       work.PLL.verilog may have changed because the following files changed:
                        C:\tcl_monster\libero_projects\counter_demo\component\polarfire_syn_comps.v (N/A, 2025-10-22 21:52:16) <-- (module definition)
41       work.QUADRST.verilog may have changed because the following files changed:
                        C:\tcl_monster\libero_projects\counter_demo\component\polarfire_syn_comps.v (N/A, 2025-10-22 21:52:16) <-- (module definition)
42       work.QUADRST_PCIE.verilog may have changed because the following files changed:
                        C:\tcl_monster\libero_projects\counter_demo\component\polarfire_syn_comps.v (N/A, 2025-10-22 21:52:16) <-- (module definition)
43       work.SCB.verilog may have changed because the following files changed:
                        C:\tcl_monster\libero_projects\counter_demo\component\polarfire_syn_comps.v (N/A, 2025-10-22 21:52:16) <-- (module definition)
44       work.SYSCTRL_RESET_STATUS.verilog may have changed because the following files changed:
                        C:\tcl_monster\libero_projects\counter_demo\component\polarfire_syn_comps.v (N/A, 2025-10-22 21:52:16) <-- (module definition)
45       work.SYSRESET.verilog may have changed because the following files changed:
                        C:\tcl_monster\libero_projects\counter_demo\component\polarfire_syn_comps.v (N/A, 2025-10-22 21:52:16) <-- (module definition)
46       work.SYS_SERVICES.verilog may have changed because the following files changed:
                        C:\tcl_monster\libero_projects\counter_demo\component\polarfire_syn_comps.v (N/A, 2025-10-22 21:52:16) <-- (module definition)
47       work.TAMPER.verilog may have changed because the following files changed:
                        C:\tcl_monster\libero_projects\counter_demo\component\polarfire_syn_comps.v (N/A, 2025-10-22 21:52:16) <-- (module definition)
48       work.TVS.verilog may have changed because the following files changed:
                        C:\tcl_monster\libero_projects\counter_demo\component\polarfire_syn_comps.v (N/A, 2025-10-22 21:52:16) <-- (module definition)
49       work.TX_PLL.verilog may have changed because the following files changed:
                        C:\tcl_monster\libero_projects\counter_demo\component\polarfire_syn_comps.v (N/A, 2025-10-22 21:52:16) <-- (module definition)
50       work.UPROM.verilog may have changed because the following files changed:
                        C:\tcl_monster\libero_projects\counter_demo\component\polarfire_syn_comps.v (N/A, 2025-10-22 21:52:16) <-- (module definition)
51       work.USPI.verilog may have changed because the following files changed:
                        C:\tcl_monster\libero_projects\counter_demo\component\polarfire_syn_comps.v (N/A, 2025-10-22 21:52:16) <-- (module definition)
52       work.VOLTAGEDETECT.verilog may have changed because the following files changed:
                        C:\tcl_monster\libero_projects\counter_demo\component\polarfire_syn_comps.v (N/A, 2025-10-22 21:52:16) <-- (module definition)
53       work.VREFBANKDYN.verilog may have changed because the following files changed:
                        C:\tcl_monster\libero_projects\counter_demo\component\polarfire_syn_comps.v (N/A, 2025-10-22 21:52:16) <-- (module definition)
54       work.VREFCTRL.verilog may have changed because the following files changed:
                        C:\tcl_monster\libero_projects\counter_demo\component\polarfire_syn_comps.v (N/A, 2025-10-22 21:52:16) <-- (module definition)
55       work.XCVR.verilog may have changed because the following files changed:
                        C:\tcl_monster\libero_projects\counter_demo\component\polarfire_syn_comps.v (N/A, 2025-10-22 21:52:16) <-- (module definition)
56       work.XCVR_64B6XB.verilog may have changed because the following files changed:
                        C:\tcl_monster\libero_projects\counter_demo\component\polarfire_syn_comps.v (N/A, 2025-10-22 21:52:16) <-- (module definition)
57       work.XCVR_8B10B.verilog may have changed because the following files changed:
                        C:\tcl_monster\libero_projects\counter_demo\component\polarfire_syn_comps.v (N/A, 2025-10-22 21:52:16) <-- (module definition)
58       work.XCVR_APB_LINK.verilog may have changed because the following files changed:
                        C:\tcl_monster\libero_projects\counter_demo\component\polarfire_syn_comps.v (N/A, 2025-10-22 21:52:16) <-- (module definition)
59       work.XCVR_APB_LINK_V.verilog may have changed because the following files changed:
                        C:\tcl_monster\libero_projects\counter_demo\component\polarfire_syn_comps.v (N/A, 2025-10-22 21:52:16) <-- (module definition)
60       work.XCVR_APB_LINK_V2.verilog may have changed because the following files changed:
                        C:\tcl_monster\libero_projects\counter_demo\component\polarfire_syn_comps.v (N/A, 2025-10-22 21:52:16) <-- (module definition)
61       work.XCVR_DUAL_PCS.verilog may have changed because the following files changed:
                        C:\tcl_monster\libero_projects\counter_demo\component\polarfire_syn_comps.v (N/A, 2025-10-22 21:52:16) <-- (module definition)
62       work.XCVR_PIPE.verilog may have changed because the following files changed:
                        C:\tcl_monster\libero_projects\counter_demo\component\polarfire_syn_comps.v (N/A, 2025-10-22 21:52:16) <-- (module definition)
63       work.XCVR_PIPE_AXI0.verilog may have changed because the following files changed:
                        C:\tcl_monster\libero_projects\counter_demo\component\polarfire_syn_comps.v (N/A, 2025-10-22 21:52:16) <-- (module definition)
64       work.XCVR_PIPE_AXI1.verilog may have changed because the following files changed:
                        C:\tcl_monster\libero_projects\counter_demo\component\polarfire_syn_comps.v (N/A, 2025-10-22 21:52:16) <-- (module definition)
65       work.XCVR_PMA.verilog may have changed because the following files changed:
                        C:\tcl_monster\libero_projects\counter_demo\component\polarfire_syn_comps.v (N/A, 2025-10-22 21:52:16) <-- (module definition)
66       work.XCVR_REF_CLK.verilog may have changed because the following files changed:
                        C:\tcl_monster\libero_projects\counter_demo\component\polarfire_syn_comps.v (N/A, 2025-10-22 21:52:16) <-- (module definition)
67       work.XCVR_REF_CLK_N.verilog may have changed because the following files changed:
                        C:\tcl_monster\libero_projects\counter_demo\component\polarfire_syn_comps.v (N/A, 2025-10-22 21:52:16) <-- (module definition)
68       work.XCVR_REF_CLK_P.verilog may have changed because the following files changed:
                        C:\tcl_monster\libero_projects\counter_demo\component\polarfire_syn_comps.v (N/A, 2025-10-22 21:52:16) <-- (module definition)
69       work.XCVR_TEST.verilog may have changed because the following files changed:
                        C:\tcl_monster\libero_projects\counter_demo\component\polarfire_syn_comps.v (N/A, 2025-10-22 21:52:16) <-- (module definition)
70       work.XCVR_VV.verilog may have changed because the following files changed:
                        C:\tcl_monster\libero_projects\counter_demo\component\polarfire_syn_comps.v (N/A, 2025-10-22 21:52:16) <-- (module definition)
71       work.counter.verilog may have changed because the following files changed:
                        C:\tcl_monster\libero_projects\counter_demo\hdl\counter.v (N/A, 2025-10-22 21:52:12) <-- (module definition)

*******************************************************************
Unmodified files: 0
FID:  path (timestamp)

*******************************************************************
Unchanged modules: 0
MID:  lib.cell.view
