Resource Usage Report for counter 

Mapping to part: mpf300tfcg1152-1
Cell usage:
CLKINT          1 use
CFG1           1 use
CFG3           1 use
CFG4           7 uses

Carry cells:
ARI1            24 uses - used for arithmetic functions


Sequential Cells: 
SLE            32 uses

DSP Blocks:    0 of 924 (0%)

I/O ports: 10
I/O primitives: 10
INBUF          2 uses
OUTBUF         8 uses


Global Clock Buffers: 1

Total LUTs:    33

Extra resources required for RAM and MACC_PA interface logic during P&R:

RAM64X12 Interface Logic : SLEs = 0; LUTs = 0;
RAM1K20  Interface Logic : SLEs = 0; LUTs = 0;
MACC_PA     Interface Logic : SLEs = 0; LUTs = 0;
MACC_PA_BC_ROM     Interface Logic : SLEs = 0; LUTs = 0;

Total number of SLEs after P&R:  32 + 0 + 0 + 0 = 32;
Total number of LUTs after P&R:  33 + 0 + 0 + 0 = 33;

